<?xml version="1.0" encoding="UTF-8"?>
<Site BuildName="Linux-g++-5"
	BuildStamp="20190708-1029-Experimental"
	Name="ncku-t1"
	Generator="ctest-3.5.1"
	CompilerName="/usr/bin/g++-5"
	CompilerVersion="5.4.0"
	OSName="Linux"
	Hostname="ncku-t1"
	OSRelease="4.15.0-1036-gcp"
	OSVersion="#38~16.04.1-Ubuntu SMP Tue Jun 25 15:30:46 UTC 2019"
	OSPlatform="x86_64"
	Is64Bits="1"
	VendorString="GenuineIntel"
	VendorID="Intel Corporation"
	FamilyID="6"
	ModelID="63"
	ProcessorCacheSize="46080"
	NumberOfLogicalCPU="2"
	NumberOfPhysicalCPU="1"
	TotalVirtualMemory="0"
	TotalPhysicalMemory="7472"
	LogicalProcessorsPerPhysical="2"
	ProcessorClockFrequency="2300"
	>
	<Testing>
		<StartDateTime>Jul 08 10:29 UTC</StartDateTime>
		<StartTestTime>1562581786</StartTestTime>
		<TestList/>
		<EndDateTime>Jul 08 10:29 UTC</EndDateTime>
		<EndTestTime>1562581786</EndTestTime>
		<ElapsedMinutes>0</ElapsedMinutes>
	</Testing>
</Site>
